
*** Running vivado
    with args -log clock_wiz_25.vds -m64 -product Vivado -mode batch -messageDb vivado.pb -notrace -source clock_wiz_25.tcl



****** Vivado v2024.1 (64-bit)
  **** SW Build 5076996 on Wed May 22 18:37:14 MDT 2024
  **** IP Build 5075265 on Wed May 22 21:45:21 MDT 2024
  **** SharedData Build 5076995 on Wed May 22 18:29:18 MDT 2024
  **** Start of session at: Fri Aug 30 16:26:49 2024
    ** Copyright 1986-2022 Xilinx, Inc. All Rights Reserved.
    ** Copyright 2022-2024 Advanced Micro Devices, Inc. All Rights Reserved.

source clock_wiz_25.tcl -notrace
INFO: [IP_Flow 19-6924] IPCACHE: Running cache check for IP inst: clock_wiz_25
Command: synth_design -top clock_wiz_25 -part xc7a100tcsg324-1 -incremental_mode off -mode out_of_context
Starting synth_design
Attempting to get a license for feature 'Synthesis' and/or device 'xc7a100t'
INFO: [Common 17-349] Got license for feature 'Synthesis' and/or device 'xc7a100t'
INFO: [Device 21-403] Loading part xc7a100tcsg324-1
INFO: [Device 21-9227] Part: xc7a100tcsg324-1 does not have CEAM library.
INFO: [Synth 8-7079] Multithreading enabled for synth_design using a maximum of 2 processes.
INFO: [Synth 8-7078] Launching helper process for spawning children vivado processes
INFO: [Synth 8-7075] Helper process launched with PID 11208
---------------------------------------------------------------------------------
Starting RTL Elaboration : Time (s): cpu = 00:00:06 ; elapsed = 00:00:07 . Memory (MB): peak = 1393.543 ; gain = 446.773
---------------------------------------------------------------------------------
INFO: [Synth 8-6157] synthesizing module 'clock_wiz_25' [c:/Users/patel/Desktop/--/sem7/internship/ankur sir/30_8_2024/30_8_2024.gen/sources_1/ip/clock_wiz_25/clock_wiz_25.v:65]
INFO: [Synth 8-6157] synthesizing module 'clock_wiz_25_clk_wiz' [c:/Users/patel/Desktop/--/sem7/internship/ankur sir/30_8_2024/30_8_2024.gen/sources_1/ip/clock_wiz_25/clock_wiz_25_clk_wiz.v:65]
INFO: [Synth 8-6157] synthesizing module 'IBUF' [C:/Xilinx/Vivado/2024.1/scripts/rt/data/unisim_comp.v:73643]
INFO: [Synth 8-6155] done synthesizing module 'IBUF' (0#1) [C:/Xilinx/Vivado/2024.1/scripts/rt/data/unisim_comp.v:73643]
INFO: [Synth 8-6157] synthesizing module 'MMCME2_ADV' [C:/Xilinx/Vivado/2024.1/scripts/rt/data/unisim_comp.v:82388]
	Parameter BANDWIDTH bound to: OPTIMIZED - type: string 
	Parameter CLKFBOUT_MULT_F bound to: 9.125000 - type: double 
	Parameter CLKFBOUT_PHASE bound to: 0.000000 - type: double 
	Parameter CLKFBOUT_USE_FINE_PS bound to: FALSE - type: string 
	Parameter CLKIN1_PERIOD bound to: 10.000000 - type: double 
	Parameter CLKOUT0_DIVIDE_F bound to: 36.500000 - type: double 
	Parameter CLKOUT0_DUTY_CYCLE bound to: 0.500000 - type: double 
	Parameter CLKOUT0_PHASE bound to: 0.000000 - type: double 
	Parameter CLKOUT0_USE_FINE_PS bound to: FALSE - type: string 
	Parameter CLKOUT4_CASCADE bound to: FALSE - type: string 
	Parameter COMPENSATION bound to: ZHOLD - type: string 
	Parameter DIVCLK_DIVIDE bound to: 1 - type: integer 
	Parameter STARTUP_WAIT bound to: FALSE - type: string 
INFO: [Synth 8-6155] done synthesizing module 'MMCME2_ADV' (0#1) [C:/Xilinx/Vivado/2024.1/scripts/rt/data/unisim_comp.v:82388]
INFO: [Synth 8-6157] synthesizing module 'BUFG' [C:/Xilinx/Vivado/2024.1/scripts/rt/data/unisim_comp.v:1951]
INFO: [Synth 8-6155] done synthesizing module 'BUFG' (0#1) [C:/Xilinx/Vivado/2024.1/scripts/rt/data/unisim_comp.v:1951]
INFO: [Synth 8-6155] done synthesizing module 'clock_wiz_25_clk_wiz' (0#1) [c:/Users/patel/Desktop/--/sem7/internship/ankur sir/30_8_2024/30_8_2024.gen/sources_1/ip/clock_wiz_25/clock_wiz_25_clk_wiz.v:65]
INFO: [Synth 8-6155] done synthesizing module 'clock_wiz_25' (0#1) [c:/Users/patel/Desktop/--/sem7/internship/ankur sir/30_8_2024/30_8_2024.gen/sources_1/ip/clock_wiz_25/clock_wiz_25.v:65]
---------------------------------------------------------------------------------
Finished RTL Elaboration : Time (s): cpu = 00:00:09 ; elapsed = 00:00:09 . Memory (MB): peak = 1502.766 ; gain = 555.996
---------------------------------------------------------------------------------
---------------------------------------------------------------------------------
Start Handling Custom Attributes
---------------------------------------------------------------------------------
---------------------------------------------------------------------------------
Finished Handling Custom Attributes : Time (s): cpu = 00:00:09 ; elapsed = 00:00:09 . Memory (MB): peak = 1502.766 ; gain = 555.996
---------------------------------------------------------------------------------
---------------------------------------------------------------------------------
Finished RTL Optimization Phase 1 : Time (s): cpu = 00:00:09 ; elapsed = 00:00:09 . Memory (MB): peak = 1502.766 ; gain = 555.996
---------------------------------------------------------------------------------
Netlist sorting complete. Time (s): cpu = 00:00:00 ; elapsed = 00:00:00.001 . Memory (MB): peak = 1505.062 ; gain = 0.000
INFO: [Netlist 29-17] Analyzing 1 Unisim elements for replacement
INFO: [Netlist 29-28] Unisim Transformation completed in 0 CPU seconds
INFO: [Project 1-570] Preparing netlist for logic optimization

Processing XDC Constraints
Initializing timing engine
Parsing XDC File [c:/Users/patel/Desktop/--/sem7/internship/ankur sir/30_8_2024/30_8_2024.gen/sources_1/ip/clock_wiz_25/clock_wiz_25_ooc.xdc] for cell 'inst'
Finished Parsing XDC File [c:/Users/patel/Desktop/--/sem7/internship/ankur sir/30_8_2024/30_8_2024.gen/sources_1/ip/clock_wiz_25/clock_wiz_25_ooc.xdc] for cell 'inst'
Parsing XDC File [c:/Users/patel/Desktop/--/sem7/internship/ankur sir/30_8_2024/30_8_2024.gen/sources_1/ip/clock_wiz_25/clock_wiz_25_board.xdc] for cell 'inst'
Finished Parsing XDC File [c:/Users/patel/Desktop/--/sem7/internship/ankur sir/30_8_2024/30_8_2024.gen/sources_1/ip/clock_wiz_25/clock_wiz_25_board.xdc] for cell 'inst'
Parsing XDC File [c:/Users/patel/Desktop/--/sem7/internship/ankur sir/30_8_2024/30_8_2024.gen/sources_1/ip/clock_wiz_25/clock_wiz_25.xdc] for cell 'inst'
Finished Parsing XDC File [c:/Users/patel/Desktop/--/sem7/internship/ankur sir/30_8_2024/30_8_2024.gen/sources_1/ip/clock_wiz_25/clock_wiz_25.xdc] for cell 'inst'
INFO: [Project 1-236] Implementation specific constraints were found while reading constraint file [c:/Users/patel/Desktop/--/sem7/internship/ankur sir/30_8_2024/30_8_2024.gen/sources_1/ip/clock_wiz_25/clock_wiz_25.xdc]. These constraints will be ignored for synthesis but will be used in implementation. Impacted constraints are listed in the file [.Xil/clock_wiz_25_propImpl.xdc].
Resolution: To avoid this warning, move constraints listed in [.Xil/clock_wiz_25_propImpl.xdc] to another XDC file and exclude this new file from synthesis with the used_in_synthesis property (File Properties dialog in GUI) and re-run elaboration/synthesis.
INFO: [Timing 38-2] Deriving generated clocks
Parsing XDC File [C:/Users/patel/Desktop/--/sem7/internship/ankur sir/30_8_2024/30_8_2024.runs/clock_wiz_25_synth_1/dont_touch.xdc]
Finished Parsing XDC File [C:/Users/patel/Desktop/--/sem7/internship/ankur sir/30_8_2024/30_8_2024.runs/clock_wiz_25_synth_1/dont_touch.xdc]
Completed Processing XDC Constraints

Netlist sorting complete. Time (s): cpu = 00:00:00 ; elapsed = 00:00:00 . Memory (MB): peak = 1526.484 ; gain = 0.000
INFO: [Project 1-111] Unisim Transformation Summary:
No Unisim elements were transformed.

Constraint Validation Runtime : Time (s): cpu = 00:00:00 ; elapsed = 00:00:00.042 . Memory (MB): peak = 1526.688 ; gain = 0.203
INFO: [Designutils 20-5008] Incremental synthesis strategy off
---------------------------------------------------------------------------------
Finished Constraint Validation : Time (s): cpu = 00:00:18 ; elapsed = 00:00:19 . Memory (MB): peak = 1526.688 ; gain = 579.918
---------------------------------------------------------------------------------
---------------------------------------------------------------------------------
Start Loading Part and Timing Information
---------------------------------------------------------------------------------
Loading part: xc7a100tcsg324-1
---------------------------------------------------------------------------------
Finished Loading Part and Timing Information : Time (s): cpu = 00:00:18 ; elapsed = 00:00:19 . Memory (MB): peak = 1526.688 ; gain = 579.918
---------------------------------------------------------------------------------
---------------------------------------------------------------------------------
Start Applying 'set_property' XDC Constraints
---------------------------------------------------------------------------------
Applied set_property KEEP_HIERARCHY = SOFT for inst. (constraint file  {C:/Users/patel/Desktop/--/sem7/internship/ankur sir/30_8_2024/30_8_2024.runs/clock_wiz_25_synth_1/dont_touch.xdc}, line 9).
---------------------------------------------------------------------------------
Finished applying 'set_property' XDC Constraints : Time (s): cpu = 00:00:18 ; elapsed = 00:00:19 . Memory (MB): peak = 1526.688 ; gain = 579.918
---------------------------------------------------------------------------------
---------------------------------------------------------------------------------
Finished RTL Optimization Phase 2 : Time (s): cpu = 00:00:18 ; elapsed = 00:00:19 . Memory (MB): peak = 1526.688 ; gain = 579.918
---------------------------------------------------------------------------------
---------------------------------------------------------------------------------
Start RTL Component Statistics 
---------------------------------------------------------------------------------
Detailed RTL Component Info : 
---------------------------------------------------------------------------------
Finished RTL Component Statistics 
---------------------------------------------------------------------------------
---------------------------------------------------------------------------------
Start Part Resource Summary
---------------------------------------------------------------------------------
Part Resources:
DSPs: 240 (col length:80)
BRAMs: 270 (col length: RAMB18 80 RAMB36 40)
---------------------------------------------------------------------------------
Finished Part Resource Summary
---------------------------------------------------------------------------------
---------------------------------------------------------------------------------
Start Cross Boundary and Area Optimization
---------------------------------------------------------------------------------
WARNING: [Synth 8-7080] Parallel synthesis criteria is not met
---------------------------------------------------------------------------------
Finished Cross Boundary and Area Optimization : Time (s): cpu = 00:00:20 ; elapsed = 00:00:22 . Memory (MB): peak = 1526.688 ; gain = 579.918
---------------------------------------------------------------------------------
---------------------------------------------------------------------------------
Start Applying XDC Timing Constraints
---------------------------------------------------------------------------------
---------------------------------------------------------------------------------
Finished Applying XDC Timing Constraints : Time (s): cpu = 00:00:27 ; elapsed = 00:00:28 . Memory (MB): peak = 1526.688 ; gain = 579.918
---------------------------------------------------------------------------------
---------------------------------------------------------------------------------
Start Timing Optimization
---------------------------------------------------------------------------------
---------------------------------------------------------------------------------
Finished Timing Optimization : Time (s): cpu = 00:00:27 ; elapsed = 00:00:28 . Memory (MB): peak = 1526.688 ; gain = 579.918
---------------------------------------------------------------------------------
---------------------------------------------------------------------------------
Start Technology Mapping
---------------------------------------------------------------------------------
---------------------------------------------------------------------------------
Finished Technology Mapping : Time (s): cpu = 00:00:27 ; elapsed = 00:00:28 . Memory (MB): peak = 1526.688 ; gain = 579.918
---------------------------------------------------------------------------------
---------------------------------------------------------------------------------
Start IO Insertion
---------------------------------------------------------------------------------
---------------------------------------------------------------------------------
Start Flattening Before IO Insertion
---------------------------------------------------------------------------------
---------------------------------------------------------------------------------
Finished Flattening Before IO Insertion
---------------------------------------------------------------------------------
---------------------------------------------------------------------------------
Start Final Netlist Cleanup
---------------------------------------------------------------------------------
---------------------------------------------------------------------------------
Finished Final Netlist Cleanup
---------------------------------------------------------------------------------
---------------------------------------------------------------------------------
Finished IO Insertion : Time (s): cpu = 00:00:33 ; elapsed = 00:00:34 . Memory (MB): peak = 1526.688 ; gain = 579.918
---------------------------------------------------------------------------------
---------------------------------------------------------------------------------
Start Renaming Generated Instances
---------------------------------------------------------------------------------
---------------------------------------------------------------------------------
Finished Renaming Generated Instances : Time (s): cpu = 00:00:33 ; elapsed = 00:00:34 . Memory (MB): peak = 1526.688 ; gain = 579.918
---------------------------------------------------------------------------------
---------------------------------------------------------------------------------
Start Rebuilding User Hierarchy
---------------------------------------------------------------------------------
---------------------------------------------------------------------------------
Finished Rebuilding User Hierarchy : Time (s): cpu = 00:00:33 ; elapsed = 00:00:34 . Memory (MB): peak = 1526.688 ; gain = 579.918
---------------------------------------------------------------------------------
---------------------------------------------------------------------------------
Start Renaming Generated Ports
---------------------------------------------------------------------------------
---------------------------------------------------------------------------------
Finished Renaming Generated Ports : Time (s): cpu = 00:00:33 ; elapsed = 00:00:34 . Memory (MB): peak = 1526.688 ; gain = 579.918
---------------------------------------------------------------------------------
---------------------------------------------------------------------------------
Start Handling Custom Attributes
---------------------------------------------------------------------------------
---------------------------------------------------------------------------------
Finished Handling Custom Attributes : Time (s): cpu = 00:00:33 ; elapsed = 00:00:34 . Memory (MB): peak = 1526.688 ; gain = 579.918
---------------------------------------------------------------------------------
---------------------------------------------------------------------------------
Start Renaming Generated Nets
---------------------------------------------------------------------------------
---------------------------------------------------------------------------------
Finished Renaming Generated Nets : Time (s): cpu = 00:00:33 ; elapsed = 00:00:34 . Memory (MB): peak = 1526.688 ; gain = 579.918
---------------------------------------------------------------------------------
---------------------------------------------------------------------------------
Start Writing Synthesis Report
---------------------------------------------------------------------------------

Report BlackBoxes: 
+-+--------------+----------+
| |BlackBox name |Instances |
+-+--------------+----------+
+-+--------------+----------+

Report Cell Usage: 
+------+-----------+------+
|      |Cell       |Count |
+------+-----------+------+
|1     |BUFG       |     2|
|2     |MMCME2_ADV |     1|
|3     |IBUF       |     1|
+------+-----------+------+
---------------------------------------------------------------------------------
Finished Writing Synthesis Report : Time (s): cpu = 00:00:33 ; elapsed = 00:00:34 . Memory (MB): peak = 1526.688 ; gain = 579.918
---------------------------------------------------------------------------------
Synthesis finished with 0 errors, 0 critical warnings and 1 warnings.
Synthesis Optimization Runtime : Time (s): cpu = 00:00:22 ; elapsed = 00:00:32 . Memory (MB): peak = 1526.688 ; gain = 555.996
Synthesis Optimization Complete : Time (s): cpu = 00:00:33 ; elapsed = 00:00:35 . Memory (MB): peak = 1526.688 ; gain = 579.918
INFO: [Project 1-571] Translating synthesized netlist
Netlist sorting complete. Time (s): cpu = 00:00:00 ; elapsed = 00:00:00 . Memory (MB): peak = 1526.688 ; gain = 0.000
INFO: [Netlist 29-17] Analyzing 1 Unisim elements for replacement
INFO: [Netlist 29-28] Unisim Transformation completed in 0 CPU seconds
INFO: [Project 1-570] Preparing netlist for logic optimization
INFO: [Opt 31-138] Pushed 0 inverter(s) to 0 load pin(s).
Netlist sorting complete. Time (s): cpu = 00:00:00 ; elapsed = 00:00:00 . Memory (MB): peak = 1526.688 ; gain = 0.000
INFO: [Project 1-111] Unisim Transformation Summary:
No Unisim elements were transformed.

Synth Design complete | Checksum: 898bc41d
INFO: [Common 17-83] Releasing license: Synthesis
31 Infos, 1 Warnings, 0 Critical Warnings and 0 Errors encountered.
synth_design completed successfully
INFO: [Common 17-600] The following parameters have non-default value.
tcl.statsThreshold
Write ShapeDB Complete: Time (s): cpu = 00:00:00 ; elapsed = 00:00:00.005 . Memory (MB): peak = 1526.688 ; gain = 0.000
INFO: [Common 17-1381] The checkpoint 'C:/Users/patel/Desktop/--/sem7/internship/ankur sir/30_8_2024/30_8_2024.runs/clock_wiz_25_synth_1/clock_wiz_25.dcp' has been generated.
INFO: [Coretcl 2-1648] Added synthesis output to IP cache for IP clock_wiz_25, cache-ID = 5fcb8f4c6979e753
Write ShapeDB Complete: Time (s): cpu = 00:00:00 ; elapsed = 00:00:00.001 . Memory (MB): peak = 1526.688 ; gain = 0.000
INFO: [Common 17-1381] The checkpoint 'C:/Users/patel/Desktop/--/sem7/internship/ankur sir/30_8_2024/30_8_2024.runs/clock_wiz_25_synth_1/clock_wiz_25.dcp' has been generated.
INFO: [Vivado 12-24828] Executing command : report_utilization -file clock_wiz_25_utilization_synth.rpt -pb clock_wiz_25_utilization_synth.pb
INFO: [Common 17-206] Exiting Vivado at Fri Aug 30 16:27:46 2024...
